{"C:\\Users\\ADMIN\\Desktop\\Budgetify\\server.js": {"path":"C:\\Users\\ADMIN\\Desktop\\Budgetify\\server.js","statementMap":{"0":{"start":{"line":1,"column":0},"end":{"line":1,"column":27}},"1":{"start":{"line":2,"column":0},"end":{"line":2,"column":30}},"2":{"start":{"line":4,"column":17},"end":{"line":4,"column":36}},"3":{"start":{"line":5,"column":13},"end":{"line":5,"column":28}},"4":{"start":{"line":6,"column":15},"end":{"line":6,"column":32}},"5":{"start":{"line":7,"column":16},"end":{"line":7,"column":34}},"6":{"start":{"line":8,"column":12},"end":{"line":8,"column":21}},"7":{"start":{"line":10,"column":22},"end":{"line":10,"column":49}},"8":{"start":{"line":11,"column":26},"end":{"line":11,"column":57}},"9":{"start":{"line":12,"column":23},"end":{"line":12,"column":51}},"10":{"start":{"line":13,"column":19},"end":{"line":13,"column":43}},"11":{"start":{"line":15,"column":0},"end":{"line":15,"column":24}},"12":{"start":{"line":16,"column":0},"end":{"line":16,"column":48}},"13":{"start":{"line":17,"column":0},"end":{"line":17,"column":16}},"14":{"start":{"line":18,"column":0},"end":{"line":18,"column":23}},"15":{"start":{"line":19,"column":0},"end":{"line":19,"column":31}},"16":{"start":{"line":21,"column":0},"end":{"line":21,"column":35}},"17":{"start":{"line":22,"column":0},"end":{"line":22,"column":43}},"18":{"start":{"line":23,"column":0},"end":{"line":23,"column":37}},"19":{"start":{"line":24,"column":0},"end":{"line":24,"column":29}},"20":{"start":{"line":26,"column":13},"end":{"line":26,"column":29}},"21":{"start":{"line":28,"column":0},"end":{"line":28,"column":73}},"22":{"start":{"line":28,"column":23},"end":{"line":28,"column":71}},"23":{"start":{"line":30,"column":0},"end":{"line":30,"column":21}}},"fnMap":{"0":{"name":"(anonymous_0)","decl":{"start":{"line":28,"column":17},"end":{"line":28,"column":18}},"loc":{"start":{"line":28,"column":23},"end":{"line":28,"column":71}},"line":28}},"branchMap":{},"s":{"0":1,"1":1,"2":1,"3":1,"4":1,"5":1,"6":1,"7":1,"8":1,"9":1,"10":1,"11":1,"12":1,"13":1,"14":1,"15":1,"16":1,"17":1,"18":1,"19":1,"20":1,"21":1,"22":1,"23":1},"f":{"0":1},"b":{},"_coverageSchema":"1a1c01bbd47fc00a2c39e90264f33305004495a9","hash":"8ba3e11fbb8567deaf49cdb86ea25992cbf1219c"}
,"C:\\Users\\ADMIN\\Desktop\\Budgetify\\controllers\\accountController.js": {"path":"C:\\Users\\ADMIN\\Desktop\\Budgetify\\controllers\\accountController.js","statementMap":{"0":{"start":{"line":1,"column":16},"end":{"line":1,"column":44}},"1":{"start":{"line":3,"column":0},"end":{"line":7,"column":2}},"2":{"start":{"line":4,"column":21},"end":{"line":4,"column":66}},"3":{"start":{"line":6,"column":4},"end":{"line":6,"column":35}},"4":{"start":{"line":9,"column":0},"end":{"line":13,"column":2}},"5":{"start":{"line":10,"column":20},"end":{"line":10,"column":57}},"6":{"start":{"line":12,"column":4},"end":{"line":12,"column":34}},"7":{"start":{"line":15,"column":0},"end":{"line":38,"column":2}},"8":{"start":{"line":16,"column":21},"end":{"line":23,"column":6}},"9":{"start":{"line":25,"column":4},"end":{"line":27,"column":5}},"10":{"start":{"line":26,"column":8},"end":{"line":26,"column":42}},"11":{"start":{"line":29,"column":20},"end":{"line":33,"column":5}},"12":{"start":{"line":35,"column":18},"end":{"line":35,"column":47}},"13":{"start":{"line":37,"column":4},"end":{"line":37,"column":32}},"14":{"start":{"line":40,"column":0},"end":{"line":72,"column":2}},"15":{"start":{"line":41,"column":21},"end":{"line":51,"column":6}},"16":{"start":{"line":53,"column":4},"end":{"line":55,"column":5}},"17":{"start":{"line":54,"column":8},"end":{"line":54,"column":42}},"18":{"start":{"line":57,"column":20},"end":{"line":61,"column":5}},"19":{"start":{"line":63,"column":20},"end":{"line":69,"column":5}},"20":{"start":{"line":71,"column":4},"end":{"line":71,"column":34}},"21":{"start":{"line":74,"column":0},"end":{"line":78,"column":2}},"22":{"start":{"line":75,"column":4},"end":{"line":75,"column":51}},"23":{"start":{"line":77,"column":4},"end":{"line":77,"column":50}}},"fnMap":{"0":{"name":"(anonymous_0)","decl":{"start":{"line":3,"column":22},"end":{"line":3,"column":23}},"loc":{"start":{"line":3,"column":42},"end":{"line":7,"column":1}},"line":3},"1":{"name":"(anonymous_1)","decl":{"start":{"line":9,"column":25},"end":{"line":9,"column":26}},"loc":{"start":{"line":9,"column":45},"end":{"line":13,"column":1}},"line":9},"2":{"name":"(anonymous_2)","decl":{"start":{"line":15,"column":21},"end":{"line":15,"column":22}},"loc":{"start":{"line":15,"column":41},"end":{"line":38,"column":1}},"line":15},"3":{"name":"(anonymous_3)","decl":{"start":{"line":40,"column":24},"end":{"line":40,"column":25}},"loc":{"start":{"line":40,"column":44},"end":{"line":72,"column":1}},"line":40},"4":{"name":"(anonymous_4)","decl":{"start":{"line":74,"column":24},"end":{"line":74,"column":25}},"loc":{"start":{"line":74,"column":44},"end":{"line":78,"column":1}},"line":74}},"branchMap":{"0":{"loc":{"start":{"line":25,"column":4},"end":{"line":27,"column":5}},"type":"if","locations":[{"start":{"line":25,"column":4},"end":{"line":27,"column":5}},{"start":{},"end":{}}],"line":25},"1":{"loc":{"start":{"line":53,"column":4},"end":{"line":55,"column":5}},"type":"if","locations":[{"start":{"line":53,"column":4},"end":{"line":55,"column":5}},{"start":{},"end":{}}],"line":53}},"s":{"0":1,"1":1,"2":0,"3":0,"4":1,"5":0,"6":0,"7":1,"8":0,"9":0,"10":0,"11":0,"12":0,"13":0,"14":1,"15":0,"16":0,"17":0,"18":0,"19":0,"20":0,"21":1,"22":0,"23":0},"f":{"0":0,"1":0,"2":0,"3":0,"4":0},"b":{"0":[0,0],"1":[0,0]},"_coverageSchema":"1a1c01bbd47fc00a2c39e90264f33305004495a9","hash":"14cefc1a1e8a3d90d36e21647de3840106b5b2fa"}
,"C:\\Users\\ADMIN\\Desktop\\Budgetify\\controllers\\authController.js": {"path":"C:\\Users\\ADMIN\\Desktop\\Budgetify\\controllers\\authController.js","statementMap":{"0":{"start":{"line":1,"column":13},"end":{"line":1,"column":38}},"1":{"start":{"line":2,"column":15},"end":{"line":2,"column":32}},"2":{"start":{"line":3,"column":12},"end":{"line":3,"column":35}},"3":{"start":{"line":4,"column":17},"end":{"line":4,"column":36}},"4":{"start":{"line":5,"column":20},"end":{"line":5,"column":52}},"5":{"start":{"line":6,"column":19},"end":{"line":6,"column":53}},"6":{"start":{"line":8,"column":13},"end":{"line":11,"column":1}},"7":{"start":{"line":13,"column":0},"end":{"line":25,"column":2}},"8":{"start":{"line":15,"column":21},"end":{"line":17,"column":10}},"9":{"start":{"line":19,"column":8},"end":{"line":21,"column":9}},"10":{"start":{"line":20,"column":12},"end":{"line":20,"column":36}},"11":{"start":{"line":23,"column":8},"end":{"line":23,"column":33}},"12":{"start":{"line":27,"column":13},"end":{"line":27,"column":61}},"13":{"start":{"line":29,"column":14},"end":{"line":60,"column":1}},"14":{"start":{"line":30,"column":17},"end":{"line":30,"column":76}},"15":{"start":{"line":32,"column":4},"end":{"line":34,"column":5}},"16":{"start":{"line":33,"column":8},"end":{"line":33,"column":60}},"17":{"start":{"line":36,"column":26},"end":{"line":39,"column":5}},"18":{"start":{"line":41,"column":4},"end":{"line":43,"column":5}},"19":{"start":{"line":42,"column":8},"end":{"line":42,"column":60}},"20":{"start":{"line":45,"column":20},"end":{"line":49,"column":5}},"21":{"start":{"line":51,"column":18},"end":{"line":53,"column":6}},"22":{"start":{"line":55,"column":4},"end":{"line":59,"column":7}},"23":{"start":{"line":62,"column":0},"end":{"line":62,"column":33}}},"fnMap":{"0":{"name":"(anonymous_0)","decl":{"start":{"line":14,"column":26},"end":{"line":14,"column":27}},"loc":{"start":{"line":14,"column":55},"end":{"line":24,"column":5}},"line":14},"1":{"name":"(anonymous_1)","decl":{"start":{"line":29,"column":14},"end":{"line":29,"column":15}},"loc":{"start":{"line":29,"column":34},"end":{"line":60,"column":1}},"line":29}},"branchMap":{"0":{"loc":{"start":{"line":19,"column":8},"end":{"line":21,"column":9}},"type":"if","locations":[{"start":{"line":19,"column":8},"end":{"line":21,"column":9}},{"start":{},"end":{}}],"line":19},"1":{"loc":{"start":{"line":32,"column":4},"end":{"line":34,"column":5}},"type":"if","locations":[{"start":{"line":32,"column":4},"end":{"line":34,"column":5}},{"start":{},"end":{}}],"line":32},"2":{"loc":{"start":{"line":41,"column":4},"end":{"line":43,"column":5}},"type":"if","locations":[{"start":{"line":41,"column":4},"end":{"line":43,"column":5}},{"start":{},"end":{}}],"line":41}},"s":{"0":1,"1":1,"2":1,"3":1,"4":1,"5":1,"6":1,"7":1,"8":0,"9":0,"10":0,"11":0,"12":1,"13":1,"14":1,"15":1,"16":0,"17":1,"18":1,"19":0,"20":1,"21":1,"22":1,"23":1},"f":{"0":0,"1":1},"b":{"0":[0,0],"1":[0,1],"2":[0,1]},"_coverageSchema":"1a1c01bbd47fc00a2c39e90264f33305004495a9","hash":"f4b9f30ee442e9254d7db78f4a9a68caf9bef8b1"}
,"C:\\Users\\ADMIN\\Desktop\\Budgetify\\controllers\\categoryController.js": {"path":"C:\\Users\\ADMIN\\Desktop\\Budgetify\\controllers\\categoryController.js","statementMap":{"0":{"start":{"line":1,"column":17},"end":{"line":1,"column":46}},"1":{"start":{"line":3,"column":0},"end":{"line":13,"column":2}},"2":{"start":{"line":4,"column":20},"end":{"line":6,"column":6}},"3":{"start":{"line":8,"column":21},"end":{"line":10,"column":6}},"4":{"start":{"line":12,"column":4},"end":{"line":12,"column":64}},"5":{"start":{"line":15,"column":0},"end":{"line":19,"column":2}},"6":{"start":{"line":16,"column":21},"end":{"line":16,"column":59}},"7":{"start":{"line":18,"column":4},"end":{"line":18,"column":35}},"8":{"start":{"line":21,"column":0},"end":{"line":44,"column":2}},"9":{"start":{"line":22,"column":21},"end":{"line":29,"column":6}},"10":{"start":{"line":31,"column":4},"end":{"line":33,"column":5}},"11":{"start":{"line":32,"column":8},"end":{"line":32,"column":55}},"12":{"start":{"line":35,"column":21},"end":{"line":39,"column":5}},"13":{"start":{"line":41,"column":18},"end":{"line":41,"column":49}},"14":{"start":{"line":43,"column":4},"end":{"line":43,"column":32}},"15":{"start":{"line":46,"column":0},"end":{"line":78,"column":2}},"16":{"start":{"line":47,"column":21},"end":{"line":57,"column":6}},"17":{"start":{"line":59,"column":4},"end":{"line":61,"column":5}},"18":{"start":{"line":60,"column":8},"end":{"line":60,"column":55}},"19":{"start":{"line":63,"column":21},"end":{"line":67,"column":5}},"20":{"start":{"line":69,"column":20},"end":{"line":75,"column":5}},"21":{"start":{"line":77,"column":4},"end":{"line":77,"column":34}},"22":{"start":{"line":80,"column":0},"end":{"line":84,"column":2}},"23":{"start":{"line":81,"column":4},"end":{"line":81,"column":52}},"24":{"start":{"line":83,"column":4},"end":{"line":83,"column":50}}},"fnMap":{"0":{"name":"(anonymous_0)","decl":{"start":{"line":3,"column":24},"end":{"line":3,"column":25}},"loc":{"start":{"line":3,"column":44},"end":{"line":13,"column":1}},"line":3},"1":{"name":"(anonymous_1)","decl":{"start":{"line":15,"column":26},"end":{"line":15,"column":27}},"loc":{"start":{"line":15,"column":46},"end":{"line":19,"column":1}},"line":15},"2":{"name":"(anonymous_2)","decl":{"start":{"line":21,"column":22},"end":{"line":21,"column":23}},"loc":{"start":{"line":21,"column":42},"end":{"line":44,"column":1}},"line":21},"3":{"name":"(anonymous_3)","decl":{"start":{"line":46,"column":25},"end":{"line":46,"column":26}},"loc":{"start":{"line":46,"column":45},"end":{"line":78,"column":1}},"line":46},"4":{"name":"(anonymous_4)","decl":{"start":{"line":80,"column":25},"end":{"line":80,"column":26}},"loc":{"start":{"line":80,"column":45},"end":{"line":84,"column":1}},"line":80}},"branchMap":{"0":{"loc":{"start":{"line":31,"column":4},"end":{"line":33,"column":5}},"type":"if","locations":[{"start":{"line":31,"column":4},"end":{"line":33,"column":5}},{"start":{},"end":{}}],"line":31},"1":{"loc":{"start":{"line":59,"column":4},"end":{"line":61,"column":5}},"type":"if","locations":[{"start":{"line":59,"column":4},"end":{"line":61,"column":5}},{"start":{},"end":{}}],"line":59}},"s":{"0":1,"1":1,"2":0,"3":0,"4":0,"5":1,"6":0,"7":0,"8":1,"9":0,"10":0,"11":0,"12":0,"13":0,"14":0,"15":1,"16":0,"17":0,"18":0,"19":0,"20":0,"21":0,"22":1,"23":0,"24":0},"f":{"0":0,"1":0,"2":0,"3":0,"4":0},"b":{"0":[0,0],"1":[0,0]},"_coverageSchema":"1a1c01bbd47fc00a2c39e90264f33305004495a9","hash":"4735a9b69cf8d65c643c95416f68d7d2b289e730"}
,"C:\\Users\\ADMIN\\Desktop\\Budgetify\\controllers\\transactionController.js": {"path":"C:\\Users\\ADMIN\\Desktop\\Budgetify\\controllers\\transactionController.js","statementMap":{"0":{"start":{"line":1,"column":20},"end":{"line":1,"column":52}},"1":{"start":{"line":3,"column":0},"end":{"line":14,"column":2}},"2":{"start":{"line":4,"column":25},"end":{"line":11,"column":41}},"3":{"start":{"line":13,"column":4},"end":{"line":13,"column":39}},"4":{"start":{"line":16,"column":0},"end":{"line":20,"column":2}},"5":{"start":{"line":17,"column":24},"end":{"line":17,"column":65}},"6":{"start":{"line":19,"column":4},"end":{"line":19,"column":38}},"7":{"start":{"line":22,"column":0},"end":{"line":36,"column":2}},"8":{"start":{"line":23,"column":24},"end":{"line":31,"column":5}},"9":{"start":{"line":33,"column":18},"end":{"line":33,"column":55}},"10":{"start":{"line":35,"column":4},"end":{"line":35,"column":32}},"11":{"start":{"line":38,"column":0},"end":{"line":50,"column":2}},"12":{"start":{"line":39,"column":24},"end":{"line":39,"column":39}},"13":{"start":{"line":41,"column":20},"end":{"line":47,"column":5}},"14":{"start":{"line":49,"column":4},"end":{"line":49,"column":34}},"15":{"start":{"line":52,"column":0},"end":{"line":56,"column":2}},"16":{"start":{"line":53,"column":4},"end":{"line":53,"column":55}},"17":{"start":{"line":55,"column":4},"end":{"line":55,"column":50}}},"fnMap":{"0":{"name":"(anonymous_0)","decl":{"start":{"line":3,"column":26},"end":{"line":3,"column":27}},"loc":{"start":{"line":3,"column":46},"end":{"line":14,"column":1}},"line":3},"1":{"name":"(anonymous_1)","decl":{"start":{"line":16,"column":29},"end":{"line":16,"column":30}},"loc":{"start":{"line":16,"column":49},"end":{"line":20,"column":1}},"line":16},"2":{"name":"(anonymous_2)","decl":{"start":{"line":22,"column":25},"end":{"line":22,"column":26}},"loc":{"start":{"line":22,"column":45},"end":{"line":36,"column":1}},"line":22},"3":{"name":"(anonymous_3)","decl":{"start":{"line":38,"column":28},"end":{"line":38,"column":29}},"loc":{"start":{"line":38,"column":48},"end":{"line":50,"column":1}},"line":38},"4":{"name":"(anonymous_4)","decl":{"start":{"line":52,"column":28},"end":{"line":52,"column":29}},"loc":{"start":{"line":52,"column":48},"end":{"line":56,"column":1}},"line":52}},"branchMap":{},"s":{"0":1,"1":1,"2":0,"3":0,"4":1,"5":0,"6":0,"7":1,"8":0,"9":0,"10":0,"11":1,"12":0,"13":0,"14":0,"15":1,"16":0,"17":0},"f":{"0":0,"1":0,"2":0,"3":0,"4":0},"b":{},"_coverageSchema":"1a1c01bbd47fc00a2c39e90264f33305004495a9","hash":"bb232e31298870bc4d91d5219d9afd84de064870"}
,"C:\\Users\\ADMIN\\Desktop\\Budgetify\\core\\connectDB.js": {"path":"C:\\Users\\ADMIN\\Desktop\\Budgetify\\core\\connectDB.js","statementMap":{"0":{"start":{"line":1,"column":17},"end":{"line":1,"column":36}},"1":{"start":{"line":3,"column":18},"end":{"line":14,"column":1}},"2":{"start":{"line":4,"column":4},"end":{"line":13,"column":5}},"3":{"start":{"line":5,"column":8},"end":{"line":8,"column":11}},"4":{"start":{"line":10,"column":8},"end":{"line":10,"column":42}},"5":{"start":{"line":12,"column":8},"end":{"line":12,"column":57}},"6":{"start":{"line":16,"column":0},"end":{"line":16,"column":27}}},"fnMap":{"0":{"name":"(anonymous_0)","decl":{"start":{"line":3,"column":18},"end":{"line":3,"column":19}},"loc":{"start":{"line":3,"column":30},"end":{"line":14,"column":1}},"line":3}},"branchMap":{},"s":{"0":1,"1":1,"2":1,"3":1,"4":1,"5":0,"6":1},"f":{"0":1},"b":{},"_coverageSchema":"1a1c01bbd47fc00a2c39e90264f33305004495a9","hash":"5b19229e809bde2682b9c5628f0d67a592888f18"}
,"C:\\Users\\ADMIN\\Desktop\\Budgetify\\middleware\\guards.js": {"path":"C:\\Users\\ADMIN\\Desktop\\Budgetify\\middleware\\guards.js","statementMap":{"0":{"start":{"line":1,"column":13},"end":{"line":1,"column":38}},"1":{"start":{"line":3,"column":18},"end":{"line":9,"column":1}},"2":{"start":{"line":4,"column":17},"end":{"line":4,"column":76}},"3":{"start":{"line":6,"column":4},"end":{"line":8,"column":48}},"4":{"start":{"line":7,"column":8},"end":{"line":7,"column":15}},"5":{"start":{"line":8,"column":11},"end":{"line":8,"column":48}},"6":{"start":{"line":11,"column":0},"end":{"line":11,"column":31}}},"fnMap":{"0":{"name":"(anonymous_0)","decl":{"start":{"line":3,"column":18},"end":{"line":3,"column":19}},"loc":{"start":{"line":3,"column":44},"end":{"line":9,"column":1}},"line":3}},"branchMap":{"0":{"loc":{"start":{"line":6,"column":4},"end":{"line":8,"column":48}},"type":"if","locations":[{"start":{"line":6,"column":4},"end":{"line":8,"column":48}},{"start":{"line":8,"column":11},"end":{"line":8,"column":48}}],"line":6},"1":{"loc":{"start":{"line":6,"column":8},"end":{"line":6,"column":36}},"type":"binary-expr","locations":[{"start":{"line":6,"column":8},"end":{"line":6,"column":12}},{"start":{"line":6,"column":16},"end":{"line":6,"column":36}}],"line":6}},"s":{"0":1,"1":1,"2":0,"3":0,"4":0,"5":0,"6":1},"f":{"0":0},"b":{"0":[0,0],"1":[0,0]},"_coverageSchema":"1a1c01bbd47fc00a2c39e90264f33305004495a9","hash":"93827f9aceaeb5a0baf284810b05b1ff3d4667dc"}
,"C:\\Users\\ADMIN\\Desktop\\Budgetify\\models\\account.js": {"path":"C:\\Users\\ADMIN\\Desktop\\Budgetify\\models\\account.js","statementMap":{"0":{"start":{"line":1,"column":17},"end":{"line":1,"column":36}},"1":{"start":{"line":2,"column":19},"end":{"line":2,"column":27}},"2":{"start":{"line":4,"column":13},"end":{"line":4,"column":30}},"3":{"start":{"line":6,"column":22},"end":{"line":26,"column":1}},"4":{"start":{"line":28,"column":0},"end":{"line":28,"column":58}}},"fnMap":{},"branchMap":{},"s":{"0":1,"1":1,"2":1,"3":1,"4":1},"f":{},"b":{},"_coverageSchema":"1a1c01bbd47fc00a2c39e90264f33305004495a9","hash":"a46115f17d6cdfcdc369be430678094b1642cd58"}
,"C:\\Users\\ADMIN\\Desktop\\Budgetify\\models\\category.js": {"path":"C:\\Users\\ADMIN\\Desktop\\Budgetify\\models\\category.js","statementMap":{"0":{"start":{"line":1,"column":17},"end":{"line":1,"column":36}},"1":{"start":{"line":2,"column":19},"end":{"line":2,"column":27}},"2":{"start":{"line":4,"column":13},"end":{"line":4,"column":30}},"3":{"start":{"line":6,"column":23},"end":{"line":25,"column":1}},"4":{"start":{"line":27,"column":0},"end":{"line":27,"column":62}}},"fnMap":{},"branchMap":{},"s":{"0":1,"1":1,"2":1,"3":1,"4":1},"f":{},"b":{},"_coverageSchema":"1a1c01bbd47fc00a2c39e90264f33305004495a9","hash":"e0bd98a0e29828a197775fe64410eb805c2ab016"}
,"C:\\Users\\ADMIN\\Desktop\\Budgetify\\models\\transaction.js": {"path":"C:\\Users\\ADMIN\\Desktop\\Budgetify\\models\\transaction.js","statementMap":{"0":{"start":{"line":1,"column":17},"end":{"line":1,"column":36}},"1":{"start":{"line":2,"column":19},"end":{"line":2,"column":27}},"2":{"start":{"line":4,"column":13},"end":{"line":4,"column":30}},"3":{"start":{"line":5,"column":16},"end":{"line":5,"column":36}},"4":{"start":{"line":6,"column":17},"end":{"line":6,"column":38}},"5":{"start":{"line":8,"column":26},"end":{"line":48,"column":1}},"6":{"start":{"line":50,"column":0},"end":{"line":50,"column":66}}},"fnMap":{},"branchMap":{},"s":{"0":1,"1":1,"2":1,"3":1,"4":1,"5":1,"6":1},"f":{},"b":{},"_coverageSchema":"1a1c01bbd47fc00a2c39e90264f33305004495a9","hash":"6f4ae9a1f7448d8aa49a798b8b17c337098cd613"}
,"C:\\Users\\ADMIN\\Desktop\\Budgetify\\models\\user.js": {"path":"C:\\Users\\ADMIN\\Desktop\\Budgetify\\models\\user.js","statementMap":{"0":{"start":{"line":1,"column":17},"end":{"line":1,"column":36}},"1":{"start":{"line":2,"column":19},"end":{"line":2,"column":27}},"2":{"start":{"line":4,"column":19},"end":{"line":55,"column":1}},"3":{"start":{"line":57,"column":0},"end":{"line":57,"column":52}}},"fnMap":{},"branchMap":{},"s":{"0":1,"1":1,"2":1,"3":1},"f":{},"b":{},"_coverageSchema":"1a1c01bbd47fc00a2c39e90264f33305004495a9","hash":"5c3edfbc0d2e9b6f345b8c7e0d5a5449b78f383a"}
,"C:\\Users\\ADMIN\\Desktop\\Budgetify\\routes\\account.js": {"path":"C:\\Users\\ADMIN\\Desktop\\Budgetify\\routes\\account.js","statementMap":{"0":{"start":{"line":1,"column":16},"end":{"line":1,"column":34}},"1":{"start":{"line":2,"column":15},"end":{"line":2,"column":31}},"2":{"start":{"line":4,"column":13},"end":{"line":4,"column":58}},"3":{"start":{"line":5,"column":22},"end":{"line":5,"column":53}},"4":{"start":{"line":13,"column":4},"end":{"line":13,"column":47}},"5":{"start":{"line":15,"column":0},"end":{"line":15,"column":46}},"6":{"start":{"line":17,"column":0},"end":{"line":17,"column":52}},"7":{"start":{"line":19,"column":0},"end":{"line":19,"column":46}},"8":{"start":{"line":21,"column":0},"end":{"line":21,"column":51}},"9":{"start":{"line":23,"column":0},"end":{"line":23,"column":54}},"10":{"start":{"line":25,"column":0},"end":{"line":25,"column":24}}},"fnMap":{},"branchMap":{},"s":{"0":1,"1":1,"2":1,"3":1,"4":1,"5":1,"6":1,"7":1,"8":1,"9":1,"10":1},"f":{},"b":{},"_coverageSchema":"1a1c01bbd47fc00a2c39e90264f33305004495a9","hash":"bd71e4b2b613e63d2b550d39f3a4dac0566052c9"}
,"C:\\Users\\ADMIN\\Desktop\\Budgetify\\routes\\auth.js": {"path":"C:\\Users\\ADMIN\\Desktop\\Budgetify\\routes\\auth.js","statementMap":{"0":{"start":{"line":1,"column":16},"end":{"line":1,"column":34}},"1":{"start":{"line":2,"column":15},"end":{"line":2,"column":31}},"2":{"start":{"line":4,"column":28},"end":{"line":4,"column":68}},"3":{"start":{"line":6,"column":0},"end":{"line":6,"column":29}},"4":{"start":{"line":8,"column":0},"end":{"line":8,"column":24}}},"fnMap":{},"branchMap":{},"s":{"0":1,"1":1,"2":1,"3":1,"4":1},"f":{},"b":{},"_coverageSchema":"1a1c01bbd47fc00a2c39e90264f33305004495a9","hash":"e744ed1c8c881dc127538238a78f3a8ac3b231b3"}
,"C:\\Users\\ADMIN\\Desktop\\Budgetify\\routes\\category.js": {"path":"C:\\Users\\ADMIN\\Desktop\\Budgetify\\routes\\category.js","statementMap":{"0":{"start":{"line":1,"column":16},"end":{"line":1,"column":34}},"1":{"start":{"line":2,"column":15},"end":{"line":2,"column":31}},"2":{"start":{"line":4,"column":13},"end":{"line":4,"column":58}},"3":{"start":{"line":5,"column":22},"end":{"line":5,"column":53}},"4":{"start":{"line":13,"column":4},"end":{"line":13,"column":48}},"5":{"start":{"line":15,"column":0},"end":{"line":15,"column":48}},"6":{"start":{"line":17,"column":0},"end":{"line":17,"column":53}},"7":{"start":{"line":19,"column":0},"end":{"line":19,"column":47}},"8":{"start":{"line":21,"column":0},"end":{"line":21,"column":52}},"9":{"start":{"line":23,"column":0},"end":{"line":23,"column":55}},"10":{"start":{"line":25,"column":0},"end":{"line":25,"column":24}}},"fnMap":{},"branchMap":{},"s":{"0":1,"1":1,"2":1,"3":1,"4":1,"5":1,"6":1,"7":1,"8":1,"9":1,"10":1},"f":{},"b":{},"_coverageSchema":"1a1c01bbd47fc00a2c39e90264f33305004495a9","hash":"117ab50cc76d4b8a44c1b6d741ac4ee5cf169469"}
,"C:\\Users\\ADMIN\\Desktop\\Budgetify\\routes\\transaction.js": {"path":"C:\\Users\\ADMIN\\Desktop\\Budgetify\\routes\\transaction.js","statementMap":{"0":{"start":{"line":1,"column":16},"end":{"line":1,"column":34}},"1":{"start":{"line":2,"column":15},"end":{"line":2,"column":31}},"2":{"start":{"line":4,"column":13},"end":{"line":4,"column":58}},"3":{"start":{"line":5,"column":22},"end":{"line":5,"column":53}},"4":{"start":{"line":13,"column":4},"end":{"line":13,"column":51}},"5":{"start":{"line":15,"column":0},"end":{"line":15,"column":65}},"6":{"start":{"line":17,"column":0},"end":{"line":17,"column":59}},"7":{"start":{"line":19,"column":0},"end":{"line":19,"column":50}},"8":{"start":{"line":21,"column":0},"end":{"line":21,"column":55}},"9":{"start":{"line":23,"column":0},"end":{"line":23,"column":58}},"10":{"start":{"line":25,"column":0},"end":{"line":25,"column":24}}},"fnMap":{},"branchMap":{},"s":{"0":1,"1":1,"2":1,"3":1,"4":1,"5":1,"6":1,"7":1,"8":1,"9":1,"10":1},"f":{},"b":{},"_coverageSchema":"1a1c01bbd47fc00a2c39e90264f33305004495a9","hash":"d9383fcaec511e91e57933769c3b069948312e6c"}
}
